<?xml version="1.0" encoding="UTF-8"?>
<testng-results ignored="0" total="1" passed="1" failed="0" skipped="0">
  <reporter-output>
  </reporter-output>
  <suite started-at="2025-02-25T23:06:53 IST" name="All Test Suite" finished-at="2025-02-25T23:07:23 IST" duration-ms="30599">
    <groups>
      <group name="cucumber">
        <method signature="AbstractTestNGCucumberTests.runScenario(io.cucumber.testng.PickleWrapper,io.cucumber.testng.FeatureWrapper)[pri:0, instance:com.sgtesting.RunnerFile.RunnerScript@6ae5aa72]" name="runScenario" class="io.cucumber.testng.AbstractTestNGCucumberTests"/>
      </group> <!-- cucumber -->
    </groups>
    <test started-at="2025-02-25T23:06:53 IST" name="D:/Intellijworkspace/BDD-CucumberProject" finished-at="2025-02-25T23:07:23 IST" duration-ms="30599">
      <class name="com.sgtesting.RunnerFile.RunnerScript">
        <test-method is-config="true" signature="setUpClass(org.testng.ITestContext)[pri:0, instance:com.sgtesting.RunnerFile.RunnerScript@6ae5aa72]" started-at="2025-02-25T23:06:53 IST" name="setUpClass" finished-at="2025-02-25T23:06:53 IST" duration-ms="289" status="PASS">
          <params>
            <param index="0">
              <value>
                <![CDATA[org.testng.TestRunner@654c1a54]]>
              </value>
            </param>
          </params>
          <reporter-output>
          </reporter-output>
        </test-method> <!-- setUpClass -->
        <test-method signature="runScenario(io.cucumber.testng.PickleWrapper,io.cucumber.testng.FeatureWrapper)[pri:0, instance:com.sgtesting.RunnerFile.RunnerScript@6ae5aa72]" started-at="2025-02-25T23:06:53 IST" name="runScenario" description="Runs Cucumber Scenarios" data-provider="scenarios" finished-at="2025-02-25T23:07:23 IST" duration-ms="30236" status="PASS">
          <params>
            <param index="0">
              <value>
                <![CDATA["Verifying all the buttons click"]]>
              </value>
            </param>
            <param index="1">
              <value>
                <![CDATA["Buttons Test cases"]]>
              </value>
            </param>
          </params>
          <reporter-output>
          </reporter-output>
        </test-method> <!-- runScenario -->
        <test-method is-config="true" signature="tearDownClass()[pri:0, instance:com.sgtesting.RunnerFile.RunnerScript@6ae5aa72]" started-at="2025-02-25T23:07:23 IST" name="tearDownClass" finished-at="2025-02-25T23:07:23 IST" duration-ms="4" status="PASS">
          <reporter-output>
          </reporter-output>
        </test-method> <!-- tearDownClass -->
      </class> <!-- com.sgtesting.RunnerFile.RunnerScript -->
    </test> <!-- D:/Intellijworkspace/BDD-CucumberProject -->
  </suite> <!-- All Test Suite -->
</testng-results>
